<?xml version="1.0" encoding="UTF-8"?>
<coverage generated="1556841830583" clover="3.2.0">
  <project timestamp="1556841830583" name="All files">
    <metrics statements="188" coveredstatements="182" conditionals="93" coveredconditionals="83" methods="49" coveredmethods="45" elements="330" coveredelements="310" complexity="0" loc="188" ncloc="188" packages="2" files="9" classes="9">
      <package name="core.src">
        <metrics statements="69" coveredstatements="69" conditionals="51" coveredconditionals="48" methods="9" coveredmethods="9"/>
        <file name="configureStore.ts" path="C:\github\redux-ts-starter-kit\packages\core\src\configureStore.ts">
          <metrics statements="25" coveredstatements="25" conditionals="16" coveredconditionals="16" methods="2" coveredmethods="2"/>
          <line num="1" count="2" type="stmt"/>
          <line num="14" count="2" type="stmt"/>
          <line num="15" count="2" type="stmt"/>
          <line num="16" count="2" type="stmt"/>
          <line num="18" count="2" type="stmt"/>
          <line num="20" count="2" type="stmt"/>
          <line num="21" count="9" type="stmt"/>
          <line num="164" count="2" type="stmt"/>
          <line num="165" count="11" type="cond" truecount="2" falsecount="0"/>
          <line num="166" count="11" type="stmt"/>
          <line num="167" count="22" type="cond" truecount="2" falsecount="0"/>
          <line num="168" count="22" type="cond" truecount="2" falsecount="0"/>
          <line num="169" count="11" type="stmt"/>
          <line num="170" count="22" type="cond" truecount="2" falsecount="0"/>
          <line num="175" count="11" type="cond" truecount="2" falsecount="0"/>
          <line num="176" count="7" type="stmt"/>
          <line num="177" count="4" type="cond" truecount="2" falsecount="0"/>
          <line num="178" count="3" type="stmt"/>
          <line num="180" count="1" type="stmt"/>
          <line num="185" count="10" type="stmt"/>
          <line num="187" count="10" type="stmt"/>
          <line num="190" count="10" type="stmt"/>
          <line num="197" count="10" type="stmt"/>
          <line num="199" count="10" type="stmt"/>
          <line num="200" count="10" type="stmt"/>
        </file>
        <file name="isPlainObject.ts" path="C:\github\redux-ts-starter-kit\packages\core\src\isPlainObject.ts">
          <metrics statements="7" coveredstatements="7" conditionals="4" coveredconditionals="4" methods="1" coveredmethods="1"/>
          <line num="5" count="3" type="stmt"/>
          <line num="6" count="108" type="cond" truecount="4" falsecount="0"/>
          <line num="7" count="5" type="stmt"/>
          <line num="10" count="103" type="stmt"/>
          <line num="11" count="103" type="stmt"/>
          <line num="12" count="109" type="stmt"/>
          <line num="15" count="103" type="stmt"/>
        </file>
        <file name="serializableStateInvariantMiddleware.ts" path="C:\github\redux-ts-starter-kit\packages\core\src\serializableStateInvariantMiddleware.ts">
          <metrics statements="37" coveredstatements="37" conditionals="31" coveredconditionals="28" methods="6" coveredmethods="6"/>
          <line num="1" count="2" type="stmt"/>
          <line num="5" count="2" type="stmt"/>
          <line num="15" count="194" type="stmt"/>
          <line num="26" count="2" type="stmt"/>
          <line num="32" count="2" type="stmt"/>
          <line num="38" count="2" type="stmt"/>
          <line num="40" count="77" type="cond" truecount="2" falsecount="0"/>
          <line num="41" count="113" type="cond" truecount="2" falsecount="0"/>
          <line num="45" count="62" type="cond" truecount="2" falsecount="0"/>
          <line num="46" count="1" type="cond" truecount="2" falsecount="0"/>
          <line num="49" count="61" type="stmt"/>
          <line num="50" count="132" type="cond" truecount="1" falsecount="1"/>
          <line num="51" count="132" type="stmt"/>
          <line num="52" count="132" type="stmt"/>
          <line num="54" count="132" type="cond" truecount="2" falsecount="0"/>
          <line num="55" count="4" type="stmt"/>
          <line num="58" count="128" type="cond" truecount="2" falsecount="0"/>
          <line num="59" count="36" type="stmt"/>
          <line num="64" count="36" type="cond" truecount="2" falsecount="0"/>
          <line num="65" count="3" type="stmt"/>
          <line num="71" count="54" type="stmt"/>
          <line num="74" count="2" type="stmt"/>
          <line num="75" count="20" type="cond" truecount="1" falsecount="1"/>
          <line num="79" count="20" type="cond" truecount="1" falsecount="1"/>
          <line num="81" count="10" type="stmt"/>
          <line num="83" count="8" type="stmt"/>
          <line num="84" count="11" type="stmt"/>
          <line num="90" count="11" type="cond" truecount="2" falsecount="0"/>
          <line num="91" count="1" type="stmt"/>
          <line num="93" count="1" type="stmt"/>
          <line num="96" count="11" type="stmt"/>
          <line num="98" count="11" type="stmt"/>
          <line num="100" count="11" type="stmt"/>
          <line num="102" count="11" type="cond" truecount="2" falsecount="0"/>
          <line num="103" count="1" type="stmt"/>
          <line num="105" count="1" type="stmt"/>
          <line num="113" count="11" type="stmt"/>
        </file>
      </package>
      <package name="slice.src">
        <metrics statements="119" coveredstatements="113" conditionals="42" coveredconditionals="35" methods="40" coveredmethods="36"/>
        <file name="action.ts" path="C:\github\redux-ts-starter-kit\packages\slice\src\action.ts">
          <metrics statements="17" coveredstatements="17" conditionals="4" coveredconditionals="4" methods="9" coveredmethods="9"/>
          <line num="1" count="4" type="stmt"/>
          <line num="3" count="4" type="stmt"/>
          <line num="4" count="36" type="stmt"/>
          <line num="9" count="36" type="stmt"/>
          <line num="10" count="36" type="stmt"/>
          <line num="11" count="36" type="stmt"/>
          <line num="16" count="4" type="stmt"/>
          <line num="17" count="4" type="cond" truecount="2" falsecount="0"/>
          <line num="19" count="1" type="cond" truecount="2" falsecount="0"/>
          <line num="26" count="4" type="stmt"/>
          <line num="29" count="4" type="stmt"/>
          <line num="30" count="2" type="stmt"/>
          <line num="31" count="2" type="stmt"/>
          <line num="36" count="2" type="stmt"/>
          <line num="37" count="2" type="stmt"/>
          <line num="38" count="2" type="stmt"/>
          <line num="42" count="4" type="stmt"/>
        </file>
        <file name="index.ts" path="C:\github\redux-ts-starter-kit\packages\slice\src\index.ts">
          <metrics statements="5" coveredstatements="5" conditionals="0" coveredconditionals="0" methods="0" coveredmethods="0"/>
          <line num="1" count="1" type="stmt"/>
          <line num="2" count="1" type="stmt"/>
          <line num="3" count="1" type="stmt"/>
          <line num="4" count="1" type="stmt"/>
          <line num="5" count="1" type="stmt"/>
        </file>
        <file name="reducer.ts" path="C:\github\redux-ts-starter-kit\packages\slice\src\reducer.ts">
          <metrics statements="11" coveredstatements="11" conditionals="4" coveredconditionals="4" methods="3" coveredmethods="3"/>
          <line num="1" count="3" type="stmt"/>
          <line num="43" count="3" type="stmt"/>
          <line num="44" count="13" type="stmt"/>
          <line num="45" count="13" type="stmt"/>
          <line num="47" count="127" type="cond" truecount="2" falsecount="0"/>
          <line num="48" count="87" type="stmt"/>
          <line num="49" count="87" type="stmt"/>
          <line num="50" count="87" type="cond" truecount="2" falsecount="0"/>
          <line num="51" count="31" type="stmt"/>
          <line num="53" count="56" type="stmt"/>
          <line num="57" count="13" type="stmt"/>
        </file>
        <file name="selector.ts" path="C:\github\redux-ts-starter-kit\packages\slice\src\selector.ts">
          <metrics statements="40" coveredstatements="34" conditionals="20" coveredconditionals="13" methods="15" coveredmethods="11"/>
          <line num="1" count="5" type="stmt"/>
          <line num="3" count="5" type="stmt"/>
          <line num="79" count="5" type="stmt"/>
          <line num="83" count="68" type="stmt"/>
          <line num="84" count="62" type="stmt"/>
          <line num="87" count="57" type="stmt"/>
          <line num="88" count="81" type="stmt"/>
          <line num="95" count="0" type="stmt"/>
          <line num="96" count="0" type="stmt"/>
          <line num="103" count="5" type="stmt"/>
          <line num="104" count="5" type="stmt"/>
          <line num="111" count="0" type="stmt"/>
          <line num="112" count="0" type="stmt"/>
          <line num="119" count="23" type="stmt"/>
          <line num="120" count="5" type="stmt"/>
          <line num="121" count="5" type="stmt"/>
          <line num="125" count="5" type="stmt"/>
          <line num="130" count="6" type="stmt"/>
          <line num="131" count="1" type="stmt"/>
          <line num="140" count="259" type="cond" truecount="2" falsecount="0"/>
          <line num="142" count="167" type="cond" truecount="2" falsecount="0"/>
          <line num="143" count="23" type="stmt"/>
          <line num="145" count="144" type="cond" truecount="2" falsecount="0"/>
          <line num="146" count="2" type="cond" truecount="1" falsecount="1"/>
          <line num="147" count="2" type="cond" truecount="1" falsecount="1"/>
          <line num="148" count="2" type="stmt"/>
          <line num="154" count="0" type="stmt"/>
          <line num="157" count="2" type="stmt"/>
          <line num="159" count="142" type="cond" truecount="1" falsecount="1"/>
          <line num="161" count="0" type="cond" truecount="0" falsecount="2"/>
          <line num="168" count="142" type="stmt"/>
          <line num="169" count="142" type="stmt"/>
          <line num="170" count="142" type="cond" truecount="2" falsecount="0"/>
          <line num="171" count="67" type="stmt"/>
          <line num="173" count="75" type="stmt"/>
          <line num="176" count="5" type="stmt"/>
          <line num="181" count="2" type="stmt"/>
          <line num="182" count="1" type="stmt"/>
          <line num="184" count="5" type="stmt"/>
          <line num="185" count="2" type="stmt"/>
        </file>
        <file name="slice-utils.ts" path="C:\github\redux-ts-starter-kit\packages\slice\src\slice-utils.ts">
          <metrics statements="33" coveredstatements="33" conditionals="10" coveredconditionals="10" methods="12" coveredmethods="12"/>
          <line num="1" count="3" type="stmt"/>
          <line num="2" count="3" type="stmt"/>
          <line num="4" count="3" type="stmt"/>
          <line num="13" count="3" type="stmt"/>
          <line num="20" count="8" type="stmt"/>
          <line num="23" count="8" type="stmt"/>
          <line num="25" count="8" type="stmt"/>
          <line num="29" count="8" type="stmt"/>
          <line num="30" count="8" type="stmt"/>
          <line num="32" count="13" type="stmt"/>
          <line num="38" count="3" type="stmt"/>
          <line num="45" count="12" type="stmt"/>
          <line num="48" count="8" type="stmt"/>
          <line num="50" count="8" type="stmt"/>
          <line num="53" count="28" type="stmt"/>
          <line num="55" count="34" type="stmt"/>
          <line num="71" count="3" type="stmt"/>
          <line num="78" count="11" type="stmt"/>
          <line num="83" count="8" type="stmt"/>
          <line num="85" count="7" type="stmt"/>
          <line num="91" count="3" type="stmt"/>
          <line num="98" count="13" type="stmt"/>
          <line num="101" count="33" type="cond" truecount="3" falsecount="0"/>
          <line num="106" count="33" type="stmt"/>
          <line num="107" count="33" type="stmt"/>
          <line num="120" count="3" type="stmt"/>
          <line num="122" count="16" type="stmt"/>
          <line num="124" count="16" type="stmt"/>
          <line num="125" count="16" type="cond" truecount="2" falsecount="0"/>
          <line num="130" count="11" type="stmt"/>
          <line num="134" count="16" type="stmt"/>
          <line num="141" count="27" type="stmt"/>
          <line num="147" count="16" type="stmt"/>
        </file>
        <file name="slice.ts" path="C:\github\redux-ts-starter-kit\packages\slice\src\slice.ts">
          <metrics statements="13" coveredstatements="13" conditionals="4" coveredconditionals="4" methods="1" coveredmethods="1"/>
          <line num="2" count="2" type="stmt"/>
          <line num="9" count="2" type="stmt"/>
          <line num="224" count="2" type="stmt"/>
          <line num="230" count="11" type="stmt"/>
          <line num="231" count="11" type="stmt"/>
          <line num="232" count="22" type="cond" truecount="2" falsecount="0"/>
          <line num="233" count="22" type="cond" truecount="2" falsecount="0"/>
          <line num="235" count="11" type="stmt"/>
          <line num="239" count="11" type="stmt"/>
          <line num="244" count="11" type="stmt"/>
          <line num="248" count="11" type="stmt"/>
          <line num="250" count="11" type="stmt"/>
          <line num="252" count="11" type="stmt"/>
        </file>
      </package>
    </metrics>
  </project>
</coverage>
