{"C:\\github\\redux-ts-starter-kit\\packages\\core\\src\\configureStore.ts": {"path":"C:\\github\\redux-ts-starter-kit\\packages\\core\\src\\configureStore.ts","statementMap":{"0":{"start":{"line":1,"column":0},"end":{"line":13,"column":14}},"1":{"start":{"line":14,"column":0},"end":{"line":14,"column":79}},"2":{"start":{"line":15,"column":0},"end":{"line":15,"column":50}},"3":{"start":{"line":16,"column":0},"end":{"line":16,"column":95}},"4":{"start":{"line":18,"column":0},"end":{"line":18,"column":43}},"5":{"start":{"line":21,"column":2},"end":{"line":27,"column":8}},"6":{"start":{"line":20,"column":0},"end":{"line":28,"column":1}},"7":{"start":{"line":165,"column":2},"end":{"line":171,"column":15}},"8":{"start":{"line":166,"column":4},"end":{"line":166,"column":11}},"9":{"start":{"line":167,"column":4},"end":{"line":167,"column":39}},"10":{"start":{"line":168,"column":4},"end":{"line":168,"column":19}},"11":{"start":{"line":169,"column":4},"end":{"line":169,"column":18}},"12":{"start":{"line":170,"column":4},"end":{"line":170,"column":18}},"13":{"start":{"line":175,"column":2},"end":{"line":183,"column":3}},"14":{"start":{"line":176,"column":4},"end":{"line":176,"column":26}},"15":{"start":{"line":177,"column":9},"end":{"line":183,"column":3}},"16":{"start":{"line":178,"column":4},"end":{"line":178,"column":43}},"17":{"start":{"line":180,"column":4},"end":{"line":182,"column":6}},"18":{"start":{"line":185,"column":29},"end":{"line":185,"column":59}},"19":{"start":{"line":187,"column":22},"end":{"line":187,"column":60}},"20":{"start":{"line":190,"column":4},"end":{"line":195,"column":15}},"21":{"start":{"line":197,"column":42},"end":{"line":197,"column":73}},"22":{"start":{"line":199,"column":16},"end":{"line":199,"column":74}},"23":{"start":{"line":200,"column":2},"end":{"line":200,"column":15}},"24":{"start":{"line":164,"column":0},"end":{"line":201,"column":1}}},"fnMap":{"0":{"name":"getDefaultMiddleware","decl":{"start":{"line":20,"column":16},"end":{"line":20,"column":36}},"loc":{"start":{"line":20,"column":36},"end":{"line":28,"column":1}}},"1":{"name":"configureStore","decl":{"start":{"line":164,"column":16},"end":{"line":164,"column":30}},"loc":{"start":{"line":171,"column":15},"end":{"line":201,"column":1}}}},"branchMap":{"0":{"loc":{"start":{"line":22,"column":6},"end":{"line":22,"column":14}},"type":"cond-expr","locations":[{"start":{"line":22,"column":6},"end":{"line":22,"column":14}},{"start":{"line":23,"column":6},"end":{"line":27,"column":7}}]},"1":{"loc":{"start":{"line":165,"column":2},"end":{"line":171,"column":14}},"type":"cond-expr","locations":[{"start":{"line":165,"column":2},"end":{"line":171,"column":14}},{"start":{"line":165,"column":2},"end":{"line":171,"column":15}}]},"2":{"loc":{"start":{"line":167,"column":4},"end":{"line":167,"column":38}},"type":"cond-expr","locations":[{"start":{"line":167,"column":4},"end":{"line":167,"column":38}},{"start":{"line":167,"column":4},"end":{"line":167,"column":39}}]},"3":{"loc":{"start":{"line":168,"column":4},"end":{"line":168,"column":18}},"type":"cond-expr","locations":[{"start":{"line":168,"column":4},"end":{"line":168,"column":18}},{"start":{"line":168,"column":4},"end":{"line":168,"column":19}}]},"4":{"loc":{"start":{"line":170,"column":4},"end":{"line":170,"column":17}},"type":"cond-expr","locations":[{"start":{"line":170,"column":4},"end":{"line":170,"column":17}},{"start":{"line":170,"column":4},"end":{"line":170,"column":18}}]},"5":{"loc":{"start":{"line":175,"column":2},"end":{"line":183,"column":3}},"type":"if","locations":[{"start":{"line":175,"column":2},"end":{"line":183,"column":3}},{"start":{"line":175,"column":2},"end":{"line":183,"column":3}}]},"6":{"loc":{"start":{"line":177,"column":9},"end":{"line":183,"column":3}},"type":"if","locations":[{"start":{"line":177,"column":9},"end":{"line":183,"column":3}},{"start":{"line":177,"column":9},"end":{"line":183,"column":3}}]},"7":{"loc":{"start":{"line":191,"column":8},"end":{"line":194,"column":29}},"type":"cond-expr","locations":[{"start":{"line":191,"column":8},"end":{"line":194,"column":29}},{"start":{"line":195,"column":8},"end":{"line":195,"column":15}}]}},"s":{"0":2,"1":2,"2":2,"3":2,"4":2,"5":9,"6":2,"7":11,"8":11,"9":22,"10":22,"11":11,"12":22,"13":11,"14":7,"15":4,"16":3,"17":1,"18":10,"19":10,"20":10,"21":10,"22":10,"23":10,"24":2},"f":{"0":9,"1":11},"b":{"0":[1,8],"1":[1,10],"2":[7,4],"3":[10,1],"4":[10,1],"5":[7,4],"6":[3,1],"7":[9,1]}}
,"C:\\github\\redux-ts-starter-kit\\packages\\core\\src\\isPlainObject.ts": {"path":"C:\\github\\redux-ts-starter-kit\\packages\\core\\src\\isPlainObject.ts","statementMap":{"0":{"start":{"line":6,"column":2},"end":{"line":8,"column":3}},"1":{"start":{"line":7,"column":4},"end":{"line":7,"column":17}},"2":{"start":{"line":10,"column":14},"end":{"line":10,"column":17}},"3":{"start":{"line":11,"column":2},"end":{"line":13,"column":3}},"4":{"start":{"line":12,"column":4},"end":{"line":12,"column":41}},"5":{"start":{"line":15,"column":2},"end":{"line":15,"column":46}},"6":{"start":{"line":5,"column":0},"end":{"line":16,"column":1}}},"fnMap":{"0":{"name":"isPlainObject","decl":{"start":{"line":5,"column":24},"end":{"line":5,"column":37}},"loc":{"start":{"line":5,"column":51},"end":{"line":16,"column":1}}}},"branchMap":{"0":{"loc":{"start":{"line":6,"column":2},"end":{"line":8,"column":3}},"type":"if","locations":[{"start":{"line":6,"column":2},"end":{"line":8,"column":3}},{"start":{"line":6,"column":2},"end":{"line":8,"column":3}}]},"1":{"loc":{"start":{"line":6,"column":6},"end":{"line":6,"column":29}},"type":"binary-expr","locations":[{"start":{"line":6,"column":6},"end":{"line":6,"column":29}},{"start":{"line":6,"column":33},"end":{"line":6,"column":45}}]}},"s":{"0":108,"1":5,"2":103,"3":103,"4":109,"5":103,"6":3},"f":{"0":108},"b":{"0":[5,103],"1":[108,104]}}
,"C:\\github\\redux-ts-starter-kit\\packages\\core\\src\\serializableStateInvariantMiddleware.ts": {"path":"C:\\github\\redux-ts-starter-kit\\packages\\core\\src\\serializableStateInvariantMiddleware.ts","statementMap":{"0":{"start":{"line":1,"column":0},"end":{"line":1,"column":43}},"1":{"start":{"line":15,"column":2},"end":{"line":23,"column":4}},"2":{"start":{"line":5,"column":0},"end":{"line":24,"column":1}},"3":{"start":{"line":26,"column":39},"end":{"line":30,"column":12}},"4":{"start":{"line":32,"column":40},"end":{"line":36,"column":12}},"5":{"start":{"line":40,"column":2},"end":{"line":40,"column":21}},"6":{"start":{"line":41,"column":2},"end":{"line":41,"column":26}},"7":{"start":{"line":45,"column":2},"end":{"line":47,"column":3}},"8":{"start":{"line":46,"column":4},"end":{"line":46,"column":63}},"9":{"start":{"line":49,"column":2},"end":{"line":69,"column":3}},"10":{"start":{"line":50,"column":4},"end":{"line":68,"column":5}},"11":{"start":{"line":51,"column":25},"end":{"line":51,"column":46}},"12":{"start":{"line":52,"column":26},"end":{"line":52,"column":39}},"13":{"start":{"line":54,"column":6},"end":{"line":56,"column":7}},"14":{"start":{"line":55,"column":8},"end":{"line":55,"column":69}},"15":{"start":{"line":58,"column":6},"end":{"line":67,"column":7}},"16":{"start":{"line":59,"column":8},"end":{"line":62,"column":10}},"17":{"start":{"line":64,"column":8},"end":{"line":66,"column":9}},"18":{"start":{"line":65,"column":10},"end":{"line":65,"column":48}},"19":{"start":{"line":71,"column":2},"end":{"line":71,"column":15}},"20":{"start":{"line":38,"column":0},"end":{"line":72,"column":1}},"21":{"start":{"line":75,"column":2},"end":{"line":77,"column":8}},"22":{"start":{"line":79,"column":10},"end":{"line":79,"column":34}},"23":{"start":{"line":81,"column":2},"end":{"line":114,"column":4}},"24":{"start":{"line":81,"column":48},"end":{"line":114,"column":3}},"25":{"start":{"line":83,"column":7},"end":{"line":114,"column":3}},"26":{"start":{"line":84,"column":44},"end":{"line":88,"column":5}},"27":{"start":{"line":90,"column":4},"end":{"line":94,"column":5}},"28":{"start":{"line":91,"column":14},"end":{"line":91,"column":21}},"29":{"start":{"line":91,"column":23},"end":{"line":91,"column":28}},"30":{"start":{"line":93,"column":6},"end":{"line":93,"column":77}},"31":{"start":{"line":96,"column":19},"end":{"line":96,"column":31}},"32":{"start":{"line":98,"column":18},"end":{"line":98,"column":37}},"33":{"start":{"line":100,"column":43},"end":{"line":100,"column":74}},"34":{"start":{"line":102,"column":4},"end":{"line":111,"column":5}},"35":{"start":{"line":103,"column":14},"end":{"line":103,"column":21}},"36":{"start":{"line":103,"column":23},"end":{"line":103,"column":28}},"37":{"start":{"line":105,"column":6},"end":{"line":110,"column":8}},"38":{"start":{"line":113,"column":4},"end":{"line":113,"column":18}},"39":{"start":{"line":74,"column":0},"end":{"line":115,"column":1}}},"fnMap":{"0":{"name":"isPlain","decl":{"start":{"line":5,"column":16},"end":{"line":5,"column":23}},"loc":{"start":{"line":6,"column":10},"end":{"line":24,"column":1}}},"1":{"name":"findNonSerializableValue","decl":{"start":{"line":38,"column":16},"end":{"line":38,"column":40}},"loc":{"start":{"line":41,"column":26},"end":{"line":72,"column":1}}},"2":{"name":"createSerializableStateInvariantMiddleware","decl":{"start":{"line":74,"column":24},"end":{"line":74,"column":66}},"loc":{"start":{"line":77,"column":8},"end":{"line":115,"column":1}}},"3":{"name":"(anonymous_4)","decl":{"start":{"line":81,"column":9},"end":{"line":81,"column":9}},"loc":{"start":{"line":81,"column":43},"end":{"line":114,"column":3}}},"4":{"name":"(anonymous_5)","decl":{"start":{"line":81,"column":48},"end":{"line":82,"column":3}},"loc":{"start":{"line":82,"column":40},"end":{"line":114,"column":3}}},"5":{"name":"(anonymous_6)","decl":{"start":{"line":83,"column":7},"end":{"line":83,"column":7}},"loc":{"start":{"line":83,"column":22},"end":{"line":114,"column":3}}}},"branchMap":{"0":{"loc":{"start":{"line":16,"column":4},"end":{"line":16,"column":30}},"type":"binary-expr","locations":[{"start":{"line":16,"column":4},"end":{"line":16,"column":30}},{"start":{"line":17,"column":4},"end":{"line":17,"column":27}},{"start":{"line":18,"column":4},"end":{"line":18,"column":28}},{"start":{"line":19,"column":4},"end":{"line":19,"column":27}},{"start":{"line":20,"column":4},"end":{"line":20,"column":22}},{"start":{"line":21,"column":4},"end":{"line":21,"column":22}},{"start":{"line":22,"column":4},"end":{"line":22,"column":16}}]},"1":{"loc":{"start":{"line":40,"column":2},"end":{"line":40,"column":21}},"type":"if","locations":[{"start":{"line":40,"column":2},"end":{"line":40,"column":21}},{"start":{"line":40,"column":2},"end":{"line":40,"column":21}}]},"2":{"loc":{"start":{"line":41,"column":2},"end":{"line":41,"column":26}},"type":"if","locations":[{"start":{"line":41,"column":2},"end":{"line":41,"column":26}},{"start":{"line":41,"column":2},"end":{"line":41,"column":26}}]},"3":{"loc":{"start":{"line":45,"column":2},"end":{"line":47,"column":3}},"type":"if","locations":[{"start":{"line":45,"column":2},"end":{"line":47,"column":3}},{"start":{"line":45,"column":2},"end":{"line":47,"column":3}}]},"4":{"loc":{"start":{"line":46,"column":22},"end":{"line":46,"column":36}},"type":"binary-expr","locations":[{"start":{"line":46,"column":22},"end":{"line":46,"column":36}},{"start":{"line":46,"column":40},"end":{"line":46,"column":48}}]},"5":{"loc":{"start":{"line":50,"column":4},"end":{"line":68,"column":5}},"type":"if","locations":[{"start":{"line":50,"column":4},"end":{"line":68,"column":5}},{"start":{"line":50,"column":4},"end":{"line":68,"column":5}}]},"6":{"loc":{"start":{"line":54,"column":6},"end":{"line":56,"column":7}},"type":"if","locations":[{"start":{"line":54,"column":6},"end":{"line":56,"column":7}},{"start":{"line":54,"column":6},"end":{"line":56,"column":7}}]},"7":{"loc":{"start":{"line":58,"column":6},"end":{"line":67,"column":7}},"type":"if","locations":[{"start":{"line":58,"column":6},"end":{"line":67,"column":7}},{"start":{"line":58,"column":6},"end":{"line":67,"column":7}}]},"8":{"loc":{"start":{"line":64,"column":8},"end":{"line":66,"column":9}},"type":"if","locations":[{"start":{"line":64,"column":8},"end":{"line":66,"column":9}},{"start":{"line":64,"column":8},"end":{"line":66,"column":9}}]},"9":{"loc":{"start":{"line":75,"column":2},"end":{"line":77,"column":8}},"type":"if","locations":[{"start":{"line":75,"column":2},"end":{"line":77,"column":8}},{"start":{"line":75,"column":2},"end":{"line":77,"column":8}}]},"10":{"loc":{"start":{"line":79,"column":10},"end":{"line":79,"column":33}},"type":"cond-expr","locations":[{"start":{"line":79,"column":10},"end":{"line":79,"column":33}},{"start":{"line":79,"column":10},"end":{"line":79,"column":34}}]},"11":{"loc":{"start":{"line":90,"column":4},"end":{"line":94,"column":5}},"type":"if","locations":[{"start":{"line":90,"column":4},"end":{"line":94,"column":5}},{"start":{"line":90,"column":4},"end":{"line":94,"column":5}}]},"12":{"loc":{"start":{"line":102,"column":4},"end":{"line":111,"column":5}},"type":"if","locations":[{"start":{"line":102,"column":4},"end":{"line":111,"column":5}},{"start":{"line":102,"column":4},"end":{"line":111,"column":5}}]}},"s":{"0":2,"1":194,"2":2,"3":2,"4":2,"5":77,"6":113,"7":62,"8":1,"9":61,"10":132,"11":132,"12":132,"13":132,"14":4,"15":128,"16":36,"17":36,"18":3,"19":54,"20":2,"21":20,"22":20,"23":10,"24":8,"25":8,"26":11,"27":11,"28":1,"29":1,"30":1,"31":11,"32":11,"33":11,"34":11,"35":1,"36":1,"37":1,"38":11,"39":2},"f":{"0":194,"1":62,"2":10,"3":8,"4":8,"5":11},"b":{"0":[194,191,120,120,101,97,5],"1":[15,47],"2":[51,11],"3":[1,61],"4":[1,1],"5":[132,0],"6":[4,128],"7":[36,92],"8":[3,33],"9":[10,0],"10":[10,0],"11":[1,10],"12":[1,10]}}
,"C:\\github\\redux-ts-starter-kit\\packages\\slice\\src\\action.ts": {"path":"C:\\github\\redux-ts-starter-kit\\packages\\slice\\src\\action.ts","statementMap":{"0":{"start":{"line":1,"column":0},"end":{"line":1,"column":42}},"1":{"start":{"line":4,"column":17},"end":{"line":7,"column":4}},"2":{"start":{"line":4,"column":33},"end":{"line":7,"column":4}},"3":{"start":{"line":9,"column":2},"end":{"line":9,"column":31}},"4":{"start":{"line":10,"column":2},"end":{"line":10,"column":44}},"5":{"start":{"line":10,"column":29},"end":{"line":10,"column":43}},"6":{"start":{"line":11,"column":2},"end":{"line":11,"column":16}},"7":{"start":{"line":3,"column":0},"end":{"line":12,"column":1}},"8":{"start":{"line":17,"column":2},"end":{"line":25,"column":3}},"9":{"start":{"line":19,"column":4},"end":{"line":24,"column":8}},"10":{"start":{"line":26,"column":2},"end":{"line":26,"column":14}},"11":{"start":{"line":16,"column":0},"end":{"line":27,"column":1}},"12":{"start":{"line":30,"column":2},"end":{"line":39,"column":4}},"13":{"start":{"line":31,"column":19},"end":{"line":34,"column":6}},"14":{"start":{"line":31,"column":35},"end":{"line":34,"column":6}},"15":{"start":{"line":36,"column":4},"end":{"line":36,"column":33}},"16":{"start":{"line":37,"column":4},"end":{"line":37,"column":46}},"17":{"start":{"line":37,"column":31},"end":{"line":37,"column":45}},"18":{"start":{"line":38,"column":4},"end":{"line":38,"column":18}},"19":{"start":{"line":29,"column":0},"end":{"line":40,"column":1}},"20":{"start":{"line":42,"column":13},"end":{"line":42,"column":58}},"21":{"start":{"line":42,"column":46},"end":{"line":42,"column":57}}},"fnMap":{"0":{"name":"createAction","decl":{"start":{"line":3,"column":16},"end":{"line":3,"column":28}},"loc":{"start":{"line":3,"column":72},"end":{"line":12,"column":1}}},"1":{"name":"(anonymous_1)","decl":{"start":{"line":4,"column":17},"end":{"line":4,"column":17}},"loc":{"start":{"line":4,"column":28},"end":{"line":7,"column":4}}},"2":{"name":"(anonymous_2)","decl":{"start":{"line":10,"column":20},"end":{"line":10,"column":28}},"loc":{"start":{"line":10,"column":20},"end":{"line":10,"column":43}}},"3":{"name":"createType","decl":{"start":{"line":16,"column":16},"end":{"line":16,"column":26}},"loc":{"start":{"line":16,"column":52},"end":{"line":27,"column":1}}},"4":{"name":"createTypeSafeAction","decl":{"start":{"line":29,"column":16},"end":{"line":29,"column":36}},"loc":{"start":{"line":29,"column":62},"end":{"line":40,"column":1}}},"5":{"name":"(anonymous_5)","decl":{"start":{"line":30,"column":9},"end":{"line":null,"column":-1}},"loc":{"start":{"line":30,"column":9},"end":{"line":39,"column":3}}},"6":{"name":"(anonymous_6)","decl":{"start":{"line":31,"column":19},"end":{"line":31,"column":19}},"loc":{"start":{"line":31,"column":30},"end":{"line":34,"column":6}}},"7":{"name":"(anonymous_7)","decl":{"start":{"line":37,"column":22},"end":{"line":37,"column":30}},"loc":{"start":{"line":37,"column":22},"end":{"line":37,"column":45}}},"8":{"name":"(anonymous_8)","decl":{"start":{"line":42,"column":29},"end":{"line":42,"column":29}},"loc":{"start":{"line":42,"column":41},"end":{"line":42,"column":57}}}},"branchMap":{"0":{"loc":{"start":{"line":17,"column":2},"end":{"line":25,"column":3}},"type":"if","locations":[{"start":{"line":17,"column":2},"end":{"line":25,"column":3}},{"start":{"line":17,"column":2},"end":{"line":25,"column":3}}]},"1":{"loc":{"start":{"line":19,"column":4},"end":{"line":19,"column":17}},"type":"binary-expr","locations":[{"start":{"line":19,"column":4},"end":{"line":19,"column":17}},{"start":{"line":20,"column":6},"end":{"line":24,"column":7}}]}},"s":{"0":4,"1":36,"2":33,"3":36,"4":36,"5":9,"6":36,"7":4,"8":4,"9":1,"10":4,"11":4,"12":2,"13":2,"14":1,"15":2,"16":2,"17":1,"18":2,"19":4,"20":4,"21":1},"f":{"0":36,"1":33,"2":9,"3":4,"4":2,"5":2,"6":1,"7":1,"8":1},"b":{"0":[1,3],"1":[1,1]}}
,"C:\\github\\redux-ts-starter-kit\\packages\\slice\\src\\index.ts": {"path":"C:\\github\\redux-ts-starter-kit\\packages\\slice\\src\\index.ts","statementMap":{"0":{"start":{"line":1,"column":0},"end":{"line":1,"column":25}},"1":{"start":{"line":2,"column":0},"end":{"line":2,"column":26}},"2":{"start":{"line":3,"column":0},"end":{"line":3,"column":35}},"3":{"start":{"line":4,"column":9},"end":{"line":4,"column":24}},"4":{"start":{"line":5,"column":0},"end":{"line":5,"column":24}}},"fnMap":{},"branchMap":{},"s":{"0":1,"1":1,"2":1,"3":1,"4":1},"f":{},"b":{}}
,"C:\\github\\redux-ts-starter-kit\\packages\\slice\\src\\reducer.ts": {"path":"C:\\github\\redux-ts-starter-kit\\packages\\slice\\src\\reducer.ts","statementMap":{"0":{"start":{"line":1,"column":0},"end":{"line":1,"column":35}},"1":{"start":{"line":44,"column":2},"end":{"line":44,"column":14}},"2":{"start":{"line":45,"column":2},"end":{"line":45,"column":7}},"3":{"start":{"line":47,"column":18},"end":{"line":55,"column":3}},"4":{"start":{"line":47,"column":19},"end":{"line":47,"column":39}},"5":{"start":{"line":48,"column":4},"end":{"line":54,"column":12}},"6":{"start":{"line":49,"column":26},"end":{"line":49,"column":44}},"7":{"start":{"line":50,"column":6},"end":{"line":52,"column":7}},"8":{"start":{"line":51,"column":8},"end":{"line":51,"column":50}},"9":{"start":{"line":53,"column":6},"end":{"line":53,"column":19}},"10":{"start":{"line":57,"column":2},"end":{"line":57,"column":17}},"11":{"start":{"line":43,"column":0},"end":{"line":58,"column":1}}},"fnMap":{"0":{"name":"createReducer","decl":{"start":{"line":43,"column":16},"end":{"line":43,"column":29}},"loc":{"start":{"line":46,"column":22},"end":{"line":58,"column":1}}},"1":{"name":"(anonymous_2)","decl":{"start":{"line":47,"column":18},"end":{"line":47,"column":18}},"loc":{"start":{"line":47,"column":58},"end":{"line":55,"column":3}}},"2":{"name":"(anonymous_3)","decl":{"start":{"line":48,"column":34},"end":{"line":48,"column":34}},"loc":{"start":{"line":48,"column":40},"end":{"line":54,"column":5}}}},"branchMap":{"0":{"loc":{"start":{"line":47,"column":19},"end":{"line":47,"column":39}},"type":"if","locations":[{"start":{"line":47,"column":19},"end":{"line":47,"column":39}},{"start":{"line":47,"column":19},"end":{"line":47,"column":39}}]},"1":{"loc":{"start":{"line":50,"column":6},"end":{"line":52,"column":7}},"type":"if","locations":[{"start":{"line":50,"column":6},"end":{"line":52,"column":7}},{"start":{"line":50,"column":6},"end":{"line":52,"column":7}}]}},"s":{"0":3,"1":13,"2":13,"3":13,"4":127,"5":87,"6":87,"7":87,"8":31,"9":56,"10":13,"11":3},"f":{"0":13,"1":87,"2":87},"b":{"0":[40,47],"1":[31,56]}}
,"C:\\github\\redux-ts-starter-kit\\packages\\slice\\src\\selector.ts": {"path":"C:\\github\\redux-ts-starter-kit\\packages\\slice\\src\\selector.ts","statementMap":{"0":{"start":{"line":1,"column":0},"end":{"line":1,"column":35}},"1":{"start":{"line":3,"column":13},"end":{"line":3,"column":67}},"2":{"start":{"line":83,"column":2},"end":{"line":83,"column":12}},"3":{"start":{"line":83,"column":2},"end":{"line":83,"column":13}},"4":{"start":{"line":84,"column":2},"end":{"line":116,"column":8}},"5":{"start":{"line":87,"column":10},"end":{"line":89,"column":12}},"6":{"start":{"line":88,"column":12},"end":{"line":88,"column":55}},"7":{"start":{"line":95,"column":12},"end":{"line":97,"column":14}},"8":{"start":{"line":96,"column":14},"end":{"line":96,"column":57}},"9":{"start":{"line":103,"column":10},"end":{"line":105,"column":12}},"10":{"start":{"line":104,"column":12},"end":{"line":104,"column":57}},"11":{"start":{"line":111,"column":12},"end":{"line":113,"column":14}},"12":{"start":{"line":112,"column":14},"end":{"line":112,"column":52}},"13":{"start":{"line":79,"column":0},"end":{"line":117,"column":1}},"14":{"start":{"line":119,"column":13},"end":{"line":123,"column":2}},"15":{"start":{"line":119,"column":47},"end":{"line":119,"column":57}},"16":{"start":{"line":119,"column":47},"end":{"line":119,"column":58}},"17":{"start":{"line":120,"column":2},"end":{"line":122,"column":4}},"18":{"start":{"line":121,"column":4},"end":{"line":121,"column":33}},"19":{"start":{"line":125,"column":13},"end":{"line":131,"column":27}},"20":{"start":{"line":130,"column":2},"end":{"line":130,"column":12}},"21":{"start":{"line":130,"column":2},"end":{"line":130,"column":13}},"22":{"start":{"line":131,"column":5},"end":{"line":131,"column":26}},"23":{"start":{"line":140,"column":2},"end":{"line":140,"column":19}},"24":{"start":{"line":142,"column":2},"end":{"line":144,"column":3}},"25":{"start":{"line":143,"column":4},"end":{"line":143,"column":25}},"26":{"start":{"line":145,"column":2},"end":{"line":158,"column":3}},"27":{"start":{"line":146,"column":4},"end":{"line":156,"column":5}},"28":{"start":{"line":147,"column":6},"end":{"line":155,"column":7}},"29":{"start":{"line":148,"column":8},"end":{"line":152,"column":10}},"30":{"start":{"line":154,"column":8},"end":{"line":154,"column":74}},"31":{"start":{"line":157,"column":4},"end":{"line":157,"column":25}},"32":{"start":{"line":159,"column":2},"end":{"line":167,"column":3}},"33":{"start":{"line":161,"column":4},"end":{"line":166,"column":8}},"34":{"start":{"line":168,"column":14},"end":{"line":168,"column":26}},"35":{"start":{"line":169,"column":20},"end":{"line":169,"column":29}},"36":{"start":{"line":170,"column":2},"end":{"line":172,"column":3}},"37":{"start":{"line":171,"column":4},"end":{"line":171,"column":23}},"38":{"start":{"line":173,"column":2},"end":{"line":173,"column":47}},"39":{"start":{"line":176,"column":13},"end":{"line":182,"column":16}},"40":{"start":{"line":181,"column":2},"end":{"line":181,"column":14}},"41":{"start":{"line":181,"column":2},"end":{"line":181,"column":15}},"42":{"start":{"line":182,"column":9},"end":{"line":182,"column":15}},"43":{"start":{"line":184,"column":13},"end":{"line":185,"column":20}},"44":{"start":{"line":185,"column":2},"end":{"line":185,"column":19}}},"fnMap":{"0":{"name":"makeTypeSafeSelector","decl":{"start":{"line":79,"column":16},"end":{"line":79,"column":36}},"loc":{"start":{"line":79,"column":36},"end":{"line":117,"column":1}}},"1":{"name":"(anonymous_2)","decl":{"start":{"line":86,"column":8},"end":{"line":null,"column":-1}},"loc":{"start":{"line":86,"column":8},"end":{"line":90,"column":9}}},"2":{"name":"(anonymous_3)","decl":{"start":{"line":87,"column":17},"end":{"line":87,"column":17}},"loc":{"start":{"line":87,"column":66},"end":{"line":89,"column":11}}},"3":{"name":"(anonymous_4)","decl":{"start":{"line":92,"column":23},"end":{"line":null,"column":-1}},"loc":{"start":{"line":92,"column":23},"end":{"line":98,"column":11}}},"4":{"name":"(anonymous_5)","decl":{"start":{"line":95,"column":19},"end":{"line":95,"column":19}},"loc":{"start":{"line":95,"column":29},"end":{"line":97,"column":13}}},"5":{"name":"(anonymous_6)","decl":{"start":{"line":102,"column":8},"end":{"line":null,"column":-1}},"loc":{"start":{"line":102,"column":8},"end":{"line":106,"column":9}}},"6":{"name":"(anonymous_7)","decl":{"start":{"line":103,"column":17},"end":{"line":103,"column":17}},"loc":{"start":{"line":103,"column":29},"end":{"line":105,"column":11}}},"7":{"name":"(anonymous_8)","decl":{"start":{"line":108,"column":23},"end":{"line":null,"column":-1}},"loc":{"start":{"line":108,"column":23},"end":{"line":114,"column":11}}},"8":{"name":"(anonymous_9)","decl":{"start":{"line":111,"column":19},"end":{"line":111,"column":19}},"loc":{"start":{"line":111,"column":29},"end":{"line":113,"column":13}}},"9":{"name":"(anonymous_10)","decl":{"start":{"line":119,"column":26},"end":{"line":null,"column":-1}},"loc":{"start":{"line":119,"column":26},"end":{"line":123,"column":1}}},"10":{"name":"(anonymous_11)","decl":{"start":{"line":120,"column":9},"end":{"line":120,"column":9}},"loc":{"start":{"line":120,"column":60},"end":{"line":122,"column":3}}},"11":{"name":"(anonymous_12)","decl":{"start":{"line":125,"column":19},"end":{"line":129,"column":1}},"loc":{"start":{"line":129,"column":11},"end":{"line":131,"column":26}}},"12":{"name":"getter","decl":{"start":{"line":133,"column":9},"end":{"line":133,"column":15}},"loc":{"start":{"line":140,"column":19},"end":{"line":174,"column":1}}},"13":{"name":"(anonymous_14)","decl":{"start":{"line":176,"column":17},"end":{"line":null,"column":-1}},"loc":{"start":{"line":176,"column":17},"end":{"line":182,"column":15}}},"14":{"name":"(anonymous_15)","decl":{"start":{"line":184,"column":32},"end":{"line":184,"column":38}},"loc":{"start":{"line":184,"column":64},"end":{"line":185,"column":19}}}},"branchMap":{"0":{"loc":{"start":{"line":85,"column":6},"end":{"line":100,"column":7}},"type":"cond-expr","locations":[{"start":{"line":85,"column":6},"end":{"line":100,"column":7}},{"start":{"line":101,"column":6},"end":{"line":116,"column":7}}]},"1":{"loc":{"start":{"line":140,"column":2},"end":{"line":140,"column":19}},"type":"if","locations":[{"start":{"line":140,"column":2},"end":{"line":140,"column":19}},{"start":{"line":140,"column":2},"end":{"line":140,"column":19}}]},"2":{"loc":{"start":{"line":142,"column":2},"end":{"line":144,"column":3}},"type":"if","locations":[{"start":{"line":142,"column":2},"end":{"line":144,"column":3}},{"start":{"line":142,"column":2},"end":{"line":144,"column":3}}]},"3":{"loc":{"start":{"line":145,"column":2},"end":{"line":158,"column":3}},"type":"if","locations":[{"start":{"line":145,"column":2},"end":{"line":158,"column":3}},{"start":{"line":145,"column":2},"end":{"line":158,"column":3}}]},"4":{"loc":{"start":{"line":146,"column":4},"end":{"line":156,"column":5}},"type":"if","locations":[{"start":{"line":146,"column":4},"end":{"line":156,"column":5}},{"start":{"line":146,"column":4},"end":{"line":156,"column":5}}]},"5":{"loc":{"start":{"line":147,"column":6},"end":{"line":155,"column":7}},"type":"if","locations":[{"start":{"line":147,"column":6},"end":{"line":155,"column":7}},{"start":{"line":147,"column":6},"end":{"line":155,"column":7}}]},"6":{"loc":{"start":{"line":159,"column":2},"end":{"line":167,"column":3}},"type":"if","locations":[{"start":{"line":159,"column":2},"end":{"line":167,"column":3}},{"start":{"line":159,"column":2},"end":{"line":167,"column":3}}]},"7":{"loc":{"start":{"line":161,"column":4},"end":{"line":161,"column":17}},"type":"binary-expr","locations":[{"start":{"line":161,"column":4},"end":{"line":161,"column":17}},{"start":{"line":162,"column":6},"end":{"line":166,"column":7}}]},"8":{"loc":{"start":{"line":165,"column":22},"end":{"line":165,"column":26}},"type":"cond-expr","locations":[{"start":{"line":165,"column":22},"end":{"line":165,"column":26}},{"start":{"line":165,"column":29},"end":{"line":165,"column":76}}]},"9":{"loc":{"start":{"line":170,"column":2},"end":{"line":172,"column":3}},"type":"if","locations":[{"start":{"line":170,"column":2},"end":{"line":172,"column":3}},{"start":{"line":170,"column":2},"end":{"line":172,"column":3}}]}},"s":{"0":5,"1":5,"2":62,"3":68,"4":62,"5":57,"6":81,"7":0,"8":0,"9":5,"10":5,"11":0,"12":0,"13":5,"14":5,"15":5,"16":23,"17":5,"18":5,"19":5,"20":1,"21":6,"22":1,"23":259,"24":167,"25":23,"26":144,"27":2,"28":2,"29":2,"30":0,"31":2,"32":142,"33":0,"34":142,"35":142,"36":142,"37":67,"38":75,"39":5,"40":1,"41":2,"42":1,"43":5,"44":2},"f":{"0":62,"1":57,"2":81,"3":0,"4":0,"5":5,"6":5,"7":0,"8":0,"9":5,"10":5,"11":1,"12":167,"13":1,"14":2},"b":{"0":[57,5],"1":[92,75],"2":[23,144],"3":[2,142],"4":[2,0],"5":[2,0],"6":[0,142],"7":[0,0],"8":[0,0],"9":[67,75]}}
,"C:\\github\\redux-ts-starter-kit\\packages\\slice\\src\\slice-utils.ts": {"path":"C:\\github\\redux-ts-starter-kit\\packages\\slice\\src\\slice-utils.ts","statementMap":{"0":{"start":{"line":1,"column":0},"end":{"line":1,"column":39}},"1":{"start":{"line":2,"column":0},"end":{"line":2,"column":79}},"2":{"start":{"line":4,"column":0},"end":{"line":4,"column":35}},"3":{"start":{"line":13,"column":13},"end":{"line":37,"column":2}},"4":{"start":{"line":20,"column":2},"end":{"line":20,"column":12}},"5":{"start":{"line":20,"column":2},"end":{"line":20,"column":13}},"6":{"start":{"line":23,"column":16},"end":{"line":23,"column":55}},"7":{"start":{"line":25,"column":2},"end":{"line":36,"column":4}},"8":{"start":{"line":29,"column":21},"end":{"line":29,"column":44}},"9":{"start":{"line":30,"column":6},"end":{"line":33,"column":8}},"10":{"start":{"line":32,"column":27},"end":{"line":32,"column":43}},"11":{"start":{"line":38,"column":13},"end":{"line":59,"column":2}},"12":{"start":{"line":45,"column":2},"end":{"line":45,"column":12}},"13":{"start":{"line":45,"column":2},"end":{"line":45,"column":13}},"14":{"start":{"line":48,"column":16},"end":{"line":48,"column":55}},"15":{"start":{"line":50,"column":2},"end":{"line":58,"column":4}},"16":{"start":{"line":53,"column":18},"end":{"line":56,"column":6}},"17":{"start":{"line":55,"column":25},"end":{"line":55,"column":49}},"18":{"start":{"line":71,"column":13},"end":{"line":89,"column":2}},"19":{"start":{"line":78,"column":2},"end":{"line":88,"column":6}},"20":{"start":{"line":83,"column":4},"end":{"line":83,"column":14}},"21":{"start":{"line":83,"column":4},"end":{"line":83,"column":15}},"22":{"start":{"line":85,"column":4},"end":{"line":87,"column":14}},"23":{"start":{"line":91,"column":13},"end":{"line":111,"column":2}},"24":{"start":{"line":98,"column":2},"end":{"line":110,"column":4}},"25":{"start":{"line":101,"column":8},"end":{"line":105,"column":18}},"26":{"start":{"line":106,"column":6},"end":{"line":106,"column":39}},"27":{"start":{"line":107,"column":6},"end":{"line":107,"column":17}},"28":{"start":{"line":120,"column":13},"end":{"line":151,"column":2}},"29":{"start":{"line":122,"column":2},"end":{"line":122,"column":12}},"30":{"start":{"line":122,"column":2},"end":{"line":122,"column":13}},"31":{"start":{"line":124,"column":67},"end":{"line":124,"column":69}},"32":{"start":{"line":125,"column":2},"end":{"line":133,"column":3}},"33":{"start":{"line":130,"column":4},"end":{"line":132,"column":6}},"34":{"start":{"line":134,"column":25},"end":{"line":146,"column":3}},"35":{"start":{"line":141,"column":18},"end":{"line":144,"column":6}},"36":{"start":{"line":147,"column":2},"end":{"line":150,"column":4}}},"fnMap":{"0":{"name":"(anonymous_3)","decl":{"start":{"line":13,"column":37},"end":{"line":19,"column":1}},"loc":{"start":{"line":19,"column":24},"end":{"line":37,"column":1}}},"1":{"name":"(anonymous_4)","decl":{"start":{"line":28,"column":4},"end":{"line":28,"column":4}},"loc":{"start":{"line":28,"column":13},"end":{"line":34,"column":5}}},"2":{"name":"(anonymous_5)","decl":{"start":{"line":32,"column":15},"end":{"line":32,"column":15}},"loc":{"start":{"line":32,"column":22},"end":{"line":32,"column":43}}},"3":{"name":"(anonymous_6)","decl":{"start":{"line":38,"column":30},"end":{"line":44,"column":1}},"loc":{"start":{"line":44,"column":24},"end":{"line":59,"column":1}}},"4":{"name":"(anonymous_7)","decl":{"start":{"line":53,"column":4},"end":{"line":53,"column":4}},"loc":{"start":{"line":53,"column":13},"end":{"line":56,"column":6}}},"5":{"name":"(anonymous_8)","decl":{"start":{"line":55,"column":13},"end":{"line":55,"column":13}},"loc":{"start":{"line":55,"column":20},"end":{"line":55,"column":49}}},"6":{"name":"(anonymous_9)","decl":{"start":{"line":71,"column":38},"end":{"line":75,"column":1}},"loc":{"start":{"line":76,"column":23},"end":{"line":89,"column":1}}},"7":{"name":"(anonymous_10)","decl":{"start":{"line":78,"column":9},"end":{"line":null,"column":-1}},"loc":{"start":{"line":78,"column":9},"end":{"line":88,"column":5}}},"8":{"name":"(anonymous_11)","decl":{"start":{"line":91,"column":34},"end":{"line":95,"column":1}},"loc":{"start":{"line":96,"column":31},"end":{"line":111,"column":1}}},"9":{"name":"(anonymous_12)","decl":{"start":{"line":99,"column":4},"end":{"line":99,"column":4}},"loc":{"start":{"line":99,"column":16},"end":{"line":108,"column":5}}},"10":{"name":"(anonymous_13)","decl":{"start":{"line":120,"column":44},"end":{"line":121,"column":1}},"loc":{"start":{"line":121,"column":26},"end":{"line":151,"column":1}}},"11":{"name":"(anonymous_14)","decl":{"start":{"line":141,"column":4},"end":{"line":141,"column":4}},"loc":{"start":{"line":141,"column":13},"end":{"line":144,"column":6}}}},"branchMap":{"0":{"loc":{"start":{"line":104,"column":12},"end":{"line":104,"column":34}},"type":"cond-expr","locations":[{"start":{"line":104,"column":12},"end":{"line":104,"column":34}},{"start":{"line":105,"column":12},"end":{"line":105,"column":18}}]},"1":{"loc":{"start":{"line":101,"column":8},"end":{"line":101,"column":21}},"type":"binary-expr","locations":[{"start":{"line":101,"column":8},"end":{"line":101,"column":21}},{"start":{"line":102,"column":8},"end":{"line":102,"column":49}},{"start":{"line":103,"column":8},"end":{"line":103,"column":36}}]},"2":{"loc":{"start":{"line":125,"column":2},"end":{"line":133,"column":3}},"type":"if","locations":[{"start":{"line":125,"column":2},"end":{"line":133,"column":3}},{"start":{"line":125,"column":2},"end":{"line":133,"column":3}}]},"3":{"loc":{"start":{"line":126,"column":4},"end":{"line":126,"column":36}},"type":"binary-expr","locations":[{"start":{"line":126,"column":4},"end":{"line":126,"column":36}},{"start":{"line":127,"column":4},"end":{"line":127,"column":25}},{"start":{"line":128,"column":4},"end":{"line":128,"column":32}}]}},"s":{"0":3,"1":3,"2":3,"3":3,"4":8,"5":0,"6":8,"7":8,"8":8,"9":8,"10":13,"11":3,"12":8,"13":12,"14":8,"15":8,"16":28,"17":34,"18":3,"19":11,"20":7,"21":8,"22":7,"23":3,"24":13,"25":33,"26":33,"27":33,"28":3,"29":16,"30":5,"31":16,"32":16,"33":11,"34":16,"35":27,"36":16},"f":{"0":8,"1":8,"2":13,"3":8,"4":28,"5":34,"6":11,"7":7,"8":13,"9":33,"10":16,"11":27},"b":{"0":[5,28],"1":[33,31,5],"2":[11,5],"3":[16,13,13]}}
,"C:\\github\\redux-ts-starter-kit\\packages\\slice\\src\\slice.ts": {"path":"C:\\github\\redux-ts-starter-kit\\packages\\slice\\src\\slice.ts","statementMap":{"0":{"start":{"line":2,"column":0},"end":{"line":7,"column":22}},"1":{"start":{"line":9,"column":0},"end":{"line":9,"column":41}},"2":{"start":{"line":230,"column":2},"end":{"line":230,"column":7}},"3":{"start":{"line":231,"column":2},"end":{"line":231,"column":14}},"4":{"start":{"line":232,"column":2},"end":{"line":232,"column":22}},"5":{"start":{"line":233,"column":2},"end":{"line":233,"column":37}},"6":{"start":{"line":235,"column":21},"end":{"line":237,"column":3}},"7":{"start":{"line":239,"column":18},"end":{"line":242,"column":4}},"8":{"start":{"line":244,"column":18},"end":{"line":247,"column":3}},"9":{"start":{"line":248,"column":24},"end":{"line":248,"column":51}},"10":{"start":{"line":250,"column":25},"end":{"line":250,"column":72}},"11":{"start":{"line":252,"column":2},"end":{"line":256,"column":4}},"12":{"start":{"line":224,"column":0},"end":{"line":257,"column":1}}},"fnMap":{"0":{"name":"createSlice","decl":{"start":{"line":224,"column":16},"end":{"line":224,"column":27}},"loc":{"start":{"line":234,"column":67},"end":{"line":257,"column":1}}}},"branchMap":{"0":{"loc":{"start":{"line":232,"column":2},"end":{"line":232,"column":21}},"type":"cond-expr","locations":[{"start":{"line":232,"column":2},"end":{"line":232,"column":21}},{"start":{"line":232,"column":2},"end":{"line":232,"column":22}}]},"1":{"loc":{"start":{"line":233,"column":2},"end":{"line":233,"column":36}},"type":"cond-expr","locations":[{"start":{"line":233,"column":2},"end":{"line":233,"column":36}},{"start":{"line":233,"column":2},"end":{"line":233,"column":37}}]}},"s":{"0":2,"1":2,"2":11,"3":11,"4":22,"5":22,"6":11,"7":11,"8":11,"9":11,"10":11,"11":11,"12":2},"f":{"0":11},"b":{"0":[10,1],"1":[10,1]}}
}
