TN:
SF:C:\github\redux-ts-starter-kit\packages\core\src\configureStore.ts
FN:20,getDefaultMiddleware
FN:164,configureStore
FNF:2
FNH:2
FNDA:9,getDefaultMiddleware
FNDA:11,configureStore
DA:1,2
DA:14,2
DA:15,2
DA:16,2
DA:18,2
DA:20,2
DA:21,9
DA:164,2
DA:165,11
DA:166,11
DA:167,22
DA:168,22
DA:169,11
DA:170,22
DA:175,11
DA:176,7
DA:177,4
DA:178,3
DA:180,1
DA:185,10
DA:187,10
DA:190,10
DA:197,10
DA:199,10
DA:200,10
LF:25
LH:25
BRDA:22,0,0,1
BRDA:22,0,1,8
BRDA:165,1,0,1
BRDA:165,1,1,10
BRDA:167,2,0,7
BRDA:167,2,1,4
BRDA:168,3,0,10
BRDA:168,3,1,1
BRDA:170,4,0,10
BRDA:170,4,1,1
BRDA:175,5,0,7
BRDA:175,5,1,4
BRDA:177,6,0,3
BRDA:177,6,1,1
BRDA:191,7,0,9
BRDA:191,7,1,1
BRF:16
BRH:16
end_of_record
TN:
SF:C:\github\redux-ts-starter-kit\packages\core\src\isPlainObject.ts
FN:5,isPlainObject
FNF:1
FNH:1
FNDA:108,isPlainObject
DA:5,3
DA:6,108
DA:7,5
DA:10,103
DA:11,103
DA:12,109
DA:15,103
LF:7
LH:7
BRDA:6,0,0,5
BRDA:6,0,1,103
BRDA:6,1,0,108
BRDA:6,1,1,104
BRF:4
BRH:4
end_of_record
TN:
SF:C:\github\redux-ts-starter-kit\packages\core\src\serializableStateInvariantMiddleware.ts
FN:5,isPlain
FN:38,findNonSerializableValue
FN:74,createSerializableStateInvariantMiddleware
FN:81,(anonymous_4)
FN:81,(anonymous_5)
FN:83,(anonymous_6)
FNF:6
FNH:6
FNDA:194,isPlain
FNDA:62,findNonSerializableValue
FNDA:10,createSerializableStateInvariantMiddleware
FNDA:8,(anonymous_4)
FNDA:8,(anonymous_5)
FNDA:11,(anonymous_6)
DA:1,2
DA:5,2
DA:15,194
DA:26,2
DA:32,2
DA:38,2
DA:40,77
DA:41,113
DA:45,62
DA:46,1
DA:49,61
DA:50,132
DA:51,132
DA:52,132
DA:54,132
DA:55,4
DA:58,128
DA:59,36
DA:64,36
DA:65,3
DA:71,54
DA:74,2
DA:75,20
DA:79,20
DA:81,10
DA:83,8
DA:84,11
DA:90,11
DA:91,1
DA:93,1
DA:96,11
DA:98,11
DA:100,11
DA:102,11
DA:103,1
DA:105,1
DA:113,11
LF:37
LH:37
BRDA:16,0,0,194
BRDA:16,0,1,191
BRDA:16,0,2,120
BRDA:16,0,3,120
BRDA:16,0,4,101
BRDA:16,0,5,97
BRDA:16,0,6,5
BRDA:40,1,0,15
BRDA:40,1,1,47
BRDA:41,2,0,51
BRDA:41,2,1,11
BRDA:45,3,0,1
BRDA:45,3,1,61
BRDA:46,4,0,1
BRDA:46,4,1,1
BRDA:50,5,0,132
BRDA:50,5,1,0
BRDA:54,6,0,4
BRDA:54,6,1,128
BRDA:58,7,0,36
BRDA:58,7,1,92
BRDA:64,8,0,3
BRDA:64,8,1,33
BRDA:75,9,0,10
BRDA:75,9,1,0
BRDA:79,10,0,10
BRDA:79,10,1,0
BRDA:90,11,0,1
BRDA:90,11,1,10
BRDA:102,12,0,1
BRDA:102,12,1,10
BRF:31
BRH:28
end_of_record
TN:
SF:C:\github\redux-ts-starter-kit\packages\slice\src\action.ts
FN:3,createAction
FN:4,(anonymous_1)
FN:10,(anonymous_2)
FN:16,createType
FN:29,createTypeSafeAction
FN:30,(anonymous_5)
FN:31,(anonymous_6)
FN:37,(anonymous_7)
FN:42,(anonymous_8)
FNF:9
FNH:9
FNDA:36,createAction
FNDA:33,(anonymous_1)
FNDA:9,(anonymous_2)
FNDA:4,createType
FNDA:2,createTypeSafeAction
FNDA:2,(anonymous_5)
FNDA:1,(anonymous_6)
FNDA:1,(anonymous_7)
FNDA:1,(anonymous_8)
DA:1,4
DA:3,4
DA:4,36
DA:9,36
DA:10,36
DA:11,36
DA:16,4
DA:17,4
DA:19,1
DA:26,4
DA:29,4
DA:30,2
DA:31,2
DA:36,2
DA:37,2
DA:38,2
DA:42,4
LF:17
LH:17
BRDA:17,0,0,1
BRDA:17,0,1,3
BRDA:19,1,0,1
BRDA:19,1,1,1
BRF:4
BRH:4
end_of_record
TN:
SF:C:\github\redux-ts-starter-kit\packages\slice\src\index.ts
FNF:0
FNH:0
DA:1,1
DA:2,1
DA:3,1
DA:4,1
DA:5,1
LF:5
LH:5
BRF:0
BRH:0
end_of_record
TN:
SF:C:\github\redux-ts-starter-kit\packages\slice\src\reducer.ts
FN:43,createReducer
FN:47,(anonymous_2)
FN:48,(anonymous_3)
FNF:3
FNH:3
FNDA:13,createReducer
FNDA:87,(anonymous_2)
FNDA:87,(anonymous_3)
DA:1,3
DA:43,3
DA:44,13
DA:45,13
DA:47,127
DA:48,87
DA:49,87
DA:50,87
DA:51,31
DA:53,56
DA:57,13
LF:11
LH:11
BRDA:47,0,0,40
BRDA:47,0,1,47
BRDA:50,1,0,31
BRDA:50,1,1,56
BRF:4
BRH:4
end_of_record
TN:
SF:C:\github\redux-ts-starter-kit\packages\slice\src\selector.ts
FN:79,makeTypeSafeSelector
FN:86,(anonymous_2)
FN:87,(anonymous_3)
FN:92,(anonymous_4)
FN:95,(anonymous_5)
FN:102,(anonymous_6)
FN:103,(anonymous_7)
FN:108,(anonymous_8)
FN:111,(anonymous_9)
FN:119,(anonymous_10)
FN:120,(anonymous_11)
FN:125,(anonymous_12)
FN:133,getter
FN:176,(anonymous_14)
FN:184,(anonymous_15)
FNF:15
FNH:11
FNDA:62,makeTypeSafeSelector
FNDA:57,(anonymous_2)
FNDA:81,(anonymous_3)
FNDA:0,(anonymous_4)
FNDA:0,(anonymous_5)
FNDA:5,(anonymous_6)
FNDA:5,(anonymous_7)
FNDA:0,(anonymous_8)
FNDA:0,(anonymous_9)
FNDA:5,(anonymous_10)
FNDA:5,(anonymous_11)
FNDA:1,(anonymous_12)
FNDA:167,getter
FNDA:1,(anonymous_14)
FNDA:2,(anonymous_15)
DA:1,5
DA:3,5
DA:79,5
DA:83,68
DA:84,62
DA:87,57
DA:88,81
DA:95,0
DA:96,0
DA:103,5
DA:104,5
DA:111,0
DA:112,0
DA:119,23
DA:120,5
DA:121,5
DA:125,5
DA:130,6
DA:131,1
DA:140,259
DA:142,167
DA:143,23
DA:145,144
DA:146,2
DA:147,2
DA:148,2
DA:154,0
DA:157,2
DA:159,142
DA:161,0
DA:168,142
DA:169,142
DA:170,142
DA:171,67
DA:173,75
DA:176,5
DA:181,2
DA:182,1
DA:184,5
DA:185,2
LF:40
LH:34
BRDA:85,0,0,57
BRDA:85,0,1,5
BRDA:140,1,0,92
BRDA:140,1,1,75
BRDA:142,2,0,23
BRDA:142,2,1,144
BRDA:145,3,0,2
BRDA:145,3,1,142
BRDA:146,4,0,2
BRDA:146,4,1,0
BRDA:147,5,0,2
BRDA:147,5,1,0
BRDA:159,6,0,0
BRDA:159,6,1,142
BRDA:161,7,0,0
BRDA:161,7,1,0
BRDA:165,8,0,0
BRDA:165,8,1,0
BRDA:170,9,0,67
BRDA:170,9,1,75
BRF:20
BRH:13
end_of_record
TN:
SF:C:\github\redux-ts-starter-kit\packages\slice\src\slice-utils.ts
FN:13,(anonymous_3)
FN:28,(anonymous_4)
FN:32,(anonymous_5)
FN:38,(anonymous_6)
FN:53,(anonymous_7)
FN:55,(anonymous_8)
FN:71,(anonymous_9)
FN:78,(anonymous_10)
FN:91,(anonymous_11)
FN:99,(anonymous_12)
FN:120,(anonymous_13)
FN:141,(anonymous_14)
FNF:12
FNH:12
FNDA:8,(anonymous_3)
FNDA:8,(anonymous_4)
FNDA:13,(anonymous_5)
FNDA:8,(anonymous_6)
FNDA:28,(anonymous_7)
FNDA:34,(anonymous_8)
FNDA:11,(anonymous_9)
FNDA:7,(anonymous_10)
FNDA:13,(anonymous_11)
FNDA:33,(anonymous_12)
FNDA:16,(anonymous_13)
FNDA:27,(anonymous_14)
DA:1,3
DA:2,3
DA:4,3
DA:13,3
DA:20,8
DA:23,8
DA:25,8
DA:29,8
DA:30,8
DA:32,13
DA:38,3
DA:45,12
DA:48,8
DA:50,8
DA:53,28
DA:55,34
DA:71,3
DA:78,11
DA:83,8
DA:85,7
DA:91,3
DA:98,13
DA:101,33
DA:106,33
DA:107,33
DA:120,3
DA:122,16
DA:124,16
DA:125,16
DA:130,11
DA:134,16
DA:141,27
DA:147,16
LF:33
LH:33
BRDA:104,0,0,5
BRDA:104,0,1,28
BRDA:101,1,0,33
BRDA:101,1,1,31
BRDA:101,1,2,5
BRDA:125,2,0,11
BRDA:125,2,1,5
BRDA:126,3,0,16
BRDA:126,3,1,13
BRDA:126,3,2,13
BRF:10
BRH:10
end_of_record
TN:
SF:C:\github\redux-ts-starter-kit\packages\slice\src\slice.ts
FN:224,createSlice
FNF:1
FNH:1
FNDA:11,createSlice
DA:2,2
DA:9,2
DA:224,2
DA:230,11
DA:231,11
DA:232,22
DA:233,22
DA:235,11
DA:239,11
DA:244,11
DA:248,11
DA:250,11
DA:252,11
LF:13
LH:13
BRDA:232,0,0,10
BRDA:232,0,1,1
BRDA:233,1,0,10
BRDA:233,1,1,1
BRF:4
BRH:4
end_of_record
